#
# There is insufficient memory for the Java Runtime Environment to continue.
# Native memory allocation (malloc) failed to allocate 1040016 bytes for Chunk::new
# Possible reasons:
#   The system is out of physical RAM or swap space
#   The process is running with CompressedOops enabled, and the Java Heap may be blocking the growth of the native heap
# Possible solutions:
#   Reduce memory load on the system
#   Increase physical memory or swap space
#   Check if swap backing store is full
#   Decrease Java heap size (-Xmx/-Xms)
#   Decrease number of Java threads
#   Decrease Java thread stack sizes (-Xss)
#   Set larger code cache with -XX:ReservedCodeCacheSize=
#   JVM is running with Unscaled Compressed Oops mode in which the Java heap is
#     placed in the first 4GB address space. The Java Heap base address is the
#     maximum limit for the native heap growth. Please use -XX:HeapBaseMinAddress
#     to set the Java Heap base and to place the Java Heap above 4GB virtual address.
# This output file may be truncated or incomplete.
#
#  Out of Memory Error (./src/hotspot/share/memory/arena.cpp:197), pid=16004, tid=22268
#
# JRE version: OpenJDK Runtime Environment Corretto-11.0.15.9.1 (11.0.15+9) (build 11.0.15+9-LTS)
# Java VM: OpenJDK 64-Bit Server VM Corretto-11.0.15.9.1 (11.0.15+9-LTS, mixed mode, tiered, compressed oops, g1 gc, windows-amd64)
# No core dump will be written. Minidumps are not enabled by default on client versions of Windows
#

---------------  S U M M A R Y ------------

Command Line: --add-opens=java.base/java.util=ALL-UNNAMED --add-opens=java.base/java.lang=ALL-UNNAMED --add-opens=java.base/java.lang.invoke=ALL-UNNAMED --add-opens=java.base/java.util=ALL-UNNAMED --add-opens=java.prefs/java.util.prefs=ALL-UNNAMED --add-opens=java.prefs/java.util.prefs=ALL-UNNAMED --add-opens=java.base/java.nio.charset=ALL-UNNAMED --add-opens=java.base/java.net=ALL-UNNAMED --add-opens=java.base/java.util.concurrent.atomic=ALL-UNNAMED -XX:MaxMetaspaceSize=256m -XX:+HeapDumpOnOutOfMemoryError -Xms256m -Xmx512m -Dfile.encoding=x-windows-949 -Duser.country=KR -Duser.language=ko -Duser.variant org.gradle.launcher.daemon.bootstrap.GradleDaemon 7.4.1

Host: Intel(R) Core(TM) i5-8250U CPU @ 1.60GHz, 8 cores, 7G,  Windows 11 , 64 bit Build 22000 (10.0.22000.708)
Time: Thu Jun 23 09:27:09 2022  Windows 11 , 64 bit Build 22000 (10.0.22000.708) elapsed time: 10.051901 seconds (0d 0h 0m 10s)

---------------  T H R E A D  ---------------

Current thread (0x00000184bbd4e000):  JavaThread "C2 CompilerThread1" daemon [_thread_in_native, id=22268, stack(0x00000056fc400000,0x00000056fc500000)]


Current CompileTask:
C2:  10052 2770   !   4       java.net.URL::<init> (543 bytes)

Stack: [0x00000056fc400000,0x00000056fc500000]
Native frames: (J=compiled Java code, j=interpreted, Vv=VM code, C=native code)
V  [jvm.dll+0x61e7ba]
V  [jvm.dll+0x7ab749]
V  [jvm.dll+0x7ace38]
V  [jvm.dll+0x7ad513]
V  [jvm.dll+0x24f968]
V  [jvm.dll+0xc262c]
V  [jvm.dll+0xc2bec]
V  [jvm.dll+0x359ba7]
V  [jvm.dll+0x19e981]
V  [jvm.dll+0x208eb2]
V  [jvm.dll+0x207f8d]
V  [jvm.dll+0x18a371]
V  [jvm.dll+0x2176e4]
V  [jvm.dll+0x21592b]
V  [jvm.dll+0x76e250]
V  [jvm.dll+0x7671b4]
V  [jvm.dll+0x61d616]
C  [ucrtbase.dll+0x26c0c]
C  [KERNEL32.DLL+0x154e0]
C  [ntdll.dll+0x485b]


---------------  P R O C E S S  ---------------

Threads class SMR info:
_java_thread_list=0x00000184bdfa8b50, length=40, elements={
0x000001849e92f000, 0x00000184ba116800, 0x00000184ba145000, 0x00000184baa5f000,
0x00000184baa60000, 0x00000184baa61800, 0x00000184ba153000, 0x00000184ba154800,
0x00000184ba158000, 0x00000184babd2000, 0x00000184bc444800, 0x00000184bbd14000,
0x00000184bac8b000, 0x00000184be233800, 0x00000184bcace800, 0x00000184bce25000,
0x00000184bbef0000, 0x00000184bd9a0800, 0x00000184bcd1f800, 0x00000184bccf2800,
0x00000184bb9dc800, 0x00000184bb9db800, 0x00000184bb9de000, 0x00000184bb9d9800,
0x00000184bb9df000, 0x00000184bb9dd800, 0x00000184bb9e0000, 0x00000184bb9da000,
0x00000184bb9db000, 0x00000184bd248000, 0x00000184bd249000, 0x00000184bd243000,
0x00000184bd249800, 0x00000184bd245800, 0x00000184bbd4e000, 0x00000184bd244000,
0x00000184bd246800, 0x00000184bd247000, 0x00000184bd24a800, 0x00000184bd244800
}

Java Threads: ( => current thread )
  0x000001849e92f000 JavaThread "main" [_thread_blocked, id=32000, stack(0x00000056f9300000,0x00000056f9400000)]
  0x00000184ba116800 JavaThread "Reference Handler" daemon [_thread_blocked, id=29240, stack(0x00000056f9a00000,0x00000056f9b00000)]
  0x00000184ba145000 JavaThread "Finalizer" daemon [_thread_blocked, id=23888, stack(0x00000056f9b00000,0x00000056f9c00000)]
  0x00000184baa5f000 JavaThread "Signal Dispatcher" daemon [_thread_blocked, id=7844, stack(0x00000056f9c00000,0x00000056f9d00000)]
  0x00000184baa60000 JavaThread "Attach Listener" daemon [_thread_blocked, id=30964, stack(0x00000056f9d00000,0x00000056f9e00000)]
  0x00000184baa61800 JavaThread "Service Thread" daemon [_thread_blocked, id=8024, stack(0x00000056f9e00000,0x00000056f9f00000)]
  0x00000184ba153000 JavaThread "C2 CompilerThread0" daemon [_thread_in_vm, id=20992, stack(0x00000056f9f00000,0x00000056fa000000)]
  0x00000184ba154800 JavaThread "C1 CompilerThread0" daemon [_thread_blocked, id=29100, stack(0x00000056fa000000,0x00000056fa100000)]
  0x00000184ba158000 JavaThread "Sweeper thread" daemon [_thread_blocked, id=12036, stack(0x00000056fa100000,0x00000056fa200000)]
  0x00000184babd2000 JavaThread "Common-Cleaner" daemon [_thread_blocked, id=15108, stack(0x00000056fa200000,0x00000056fa300000)]
  0x00000184bc444800 JavaThread "Daemon health stats" [_thread_blocked, id=17972, stack(0x00000056faa00000,0x00000056fab00000)]
  0x00000184bbd14000 JavaThread "Incoming local TCP Connector on port 54409" [_thread_in_native, id=28272, stack(0x00000056fa400000,0x00000056fa500000)]
  0x00000184bac8b000 JavaThread "Daemon periodic checks" [_thread_blocked, id=31736, stack(0x00000056fab00000,0x00000056fac00000)]
  0x00000184be233800 JavaThread "Daemon" [_thread_blocked, id=13052, stack(0x00000056fac00000,0x00000056fad00000)]
  0x00000184bcace800 JavaThread "Handler for socket connection from /127.0.0.1:54409 to /127.0.0.1:54410" [_thread_in_native, id=13436, stack(0x00000056fad00000,0x00000056fae00000)]
  0x00000184bce25000 JavaThread "Cancel handler" [_thread_blocked, id=10728, stack(0x00000056fae00000,0x00000056faf00000)]
  0x00000184bbef0000 JavaThread "Daemon worker" [_thread_in_vm, id=31664, stack(0x00000056faf00000,0x00000056fb000000)]
  0x00000184bd9a0800 JavaThread "Asynchronous log dispatcher for DefaultDaemonConnection: socket connection from /127.0.0.1:54409 to /127.0.0.1:54410" [_thread_blocked, id=24304, stack(0x00000056fb000000,0x00000056fb100000)]
  0x00000184bcd1f800 JavaThread "Stdin handler" [_thread_blocked, id=12060, stack(0x00000056fb100000,0x00000056fb200000)]
  0x00000184bccf2800 JavaThread "Daemon client event forwarder" [_thread_blocked, id=27584, stack(0x00000056fb200000,0x00000056fb300000)]
  0x00000184bb9dc800 JavaThread "Cache worker for journal cache (C:\Users\kwons\.gradle\caches\journal-1)" [_thread_blocked, id=33536, stack(0x00000056fb300000,0x00000056fb400000)]
  0x00000184bb9db800 JavaThread "File lock request listener" [_thread_in_native, id=5552, stack(0x00000056fb400000,0x00000056fb500000)]
  0x00000184bb9de000 JavaThread "Cache worker for file hash cache (C:\Users\kwons\.gradle\caches\7.4.1\fileHashes)" [_thread_blocked, id=25760, stack(0x00000056fb800000,0x00000056fb900000)]
  0x00000184bb9d9800 JavaThread "File lock release action executor" [_thread_blocked, id=23764, stack(0x00000056fb900000,0x00000056fba00000)]
  0x00000184bb9df000 JavaThread "File watcher server" daemon [_thread_in_native, id=8360, stack(0x00000056fba00000,0x00000056fbb00000)]
  0x00000184bb9dd800 JavaThread "File watcher consumer" daemon [_thread_blocked, id=25444, stack(0x00000056fbb00000,0x00000056fbc00000)]
  0x00000184bb9e0000 JavaThread "jar transforms" [_thread_blocked, id=24392, stack(0x00000056fbc00000,0x00000056fbd00000)]
  0x00000184bb9da000 JavaThread "jar transforms Thread 2" [_thread_blocked, id=7292, stack(0x00000056fbd00000,0x00000056fbe00000)]
  0x00000184bb9db000 JavaThread "jar transforms Thread 3" [_thread_blocked, id=15824, stack(0x00000056fbe00000,0x00000056fbf00000)]
  0x00000184bd248000 JavaThread "jar transforms Thread 4" [_thread_blocked, id=10904, stack(0x00000056fbf00000,0x00000056fc000000)]
  0x00000184bd249000 JavaThread "jar transforms Thread 5" [_thread_blocked, id=5464, stack(0x00000056fc000000,0x00000056fc100000)]
  0x00000184bd243000 JavaThread "jar transforms Thread 6" [_thread_blocked, id=25684, stack(0x00000056fc100000,0x00000056fc200000)]
  0x00000184bd249800 JavaThread "jar transforms Thread 7" [_thread_blocked, id=26052, stack(0x00000056fc200000,0x00000056fc300000)]
  0x00000184bd245800 JavaThread "jar transforms Thread 8" [_thread_blocked, id=24836, stack(0x00000056fc300000,0x00000056fc400000)]
=>0x00000184bbd4e000 JavaThread "C2 CompilerThread1" daemon [_thread_in_native, id=22268, stack(0x00000056fc400000,0x00000056fc500000)]
  0x00000184bd244000 JavaThread "Cache worker for checksums cache (C:\Users\kwons\Desktop\smstest\.gradle\7.4.1\checksums)" [_thread_blocked, id=9520, stack(0x00000056fc500000,0x00000056fc600000)]
  0x00000184bd246800 JavaThread "Cache worker for cache directory md-rule (C:\Users\kwons\.gradle\caches\7.4.1\md-rule)" [_thread_blocked, id=15736, stack(0x00000056fc600000,0x00000056fc700000)]
  0x00000184bd247000 JavaThread "Cache worker for file hash cache (C:\Users\kwons\Desktop\smstest\.gradle\7.4.1\fileHashes)" [_thread_blocked, id=31220, stack(0x00000056fc700000,0x00000056fc800000)]
  0x00000184bd24a800 JavaThread "Cache worker for cache directory md-supplier (C:\Users\kwons\.gradle\caches\7.4.1\md-supplier)" [_thread_blocked, id=14584, stack(0x00000056fc800000,0x00000056fc900000)]
  0x00000184bd244800 JavaThread "Cache worker for execution history cache (C:\Users\kwons\.gradle\caches\7.4.1\executionHistory)" [_thread_blocked, id=19328, stack(0x00000056fc900000,0x00000056fca00000)]

Other Threads:
  0x00000184ba114800 VMThread "VM Thread" [stack: 0x00000056f9900000,0x00000056f9a00000] [id=4996]
  0x00000184bac1b800 WatcherThread [stack: 0x00000056fa300000,0x00000056fa400000] [id=30660]
  0x000001849e949000 GCTaskThread "GC Thread#0" [stack: 0x00000056f9400000,0x00000056f9500000] [id=33052]
  0x00000184bb034000 GCTaskThread "GC Thread#1" [stack: 0x00000056fa500000,0x00000056fa600000] [id=21944]
  0x00000184bb674800 GCTaskThread "GC Thread#2" [stack: 0x00000056fa600000,0x00000056fa700000] [id=29708]
  0x00000184bb7e1800 GCTaskThread "GC Thread#3" [stack: 0x00000056fa700000,0x00000056fa800000] [id=26196]
  0x00000184bb70c800 GCTaskThread "GC Thread#4" [stack: 0x00000056fa800000,0x00000056fa900000] [id=13476]
  0x00000184bb70d000 GCTaskThread "GC Thread#5" [stack: 0x00000056fa900000,0x00000056faa00000] [id=10924]
  0x00000184bb2c3000 GCTaskThread "GC Thread#6" [stack: 0x00000056fb500000,0x00000056fb600000] [id=23524]
  0x00000184bba71800 GCTaskThread "GC Thread#7" [stack: 0x00000056fb600000,0x00000056fb700000] [id=27924]
  0x000001849e95c000 ConcurrentGCThread "G1 Main Marker" [stack: 0x00000056f9500000,0x00000056f9600000] [id=27396]
  0x000001849e95d000 ConcurrentGCThread "G1 Conc#0" [stack: 0x00000056f9600000,0x00000056f9700000] [id=6004]
  0x00000184bb886000 ConcurrentGCThread "G1 Conc#1" [stack: 0x00000056fb700000,0x00000056fb800000] [id=31716]
  0x000001849ea0e000 ConcurrentGCThread "G1 Refine#0" [stack: 0x00000056f9700000,0x00000056f9800000] [id=29760]
  0x00000184b9fb0800 ConcurrentGCThread "G1 Young RemSet Sampling" [stack: 0x00000056f9800000,0x00000056f9900000] [id=24352]

Threads with active compile tasks:
C2 CompilerThread1    10148 2770   !   4       java.net.URL::<init> (543 bytes)

VM state:not at safepoint (normal execution)

VM Mutex/Monitor currently owned by a thread: None

Heap address: 0x00000000e0000000, size: 512 MB, Compressed Oops mode: 32-bit
Narrow klass base: 0x0000000000000000, Narrow klass shift: 3
Compressed class space size: 260046848 Address: 0x0000000100000000

Heap:
 garbage-first heap   total 262144K, used 86812K [0x00000000e0000000, 0x0000000100000000)
  region size 1024K, 38 young (38912K), 7 survivors (7168K)
 Metaspace       used 33285K, capacity 34316K, committed 34560K, reserved 284672K
  class space    used 4459K, capacity 4796K, committed 4864K, reserved 253952K
Heap Regions: E=young(eden), S=young(survivor), O=old, HS=humongous(starts), HC=humongous(continues), CS=collection set, F=free, A=archive, TAMS=top-at-mark-start (previous, next)
|   0|0x00000000e0000000, 0x00000000e0100000, 0x00000000e0100000|100%| O|  |TAMS 0x00000000e0000000, 0x00000000e0000000| Untracked 
|   1|0x00000000e0100000, 0x00000000e0200000, 0x00000000e0200000|100%| O|  |TAMS 0x00000000e0100000, 0x00000000e0100000| Untracked 
|   2|0x00000000e0200000, 0x00000000e0300000, 0x00000000e0300000|100%| O|  |TAMS 0x00000000e0200000, 0x00000000e0200000| Untracked 
|   3|0x00000000e0300000, 0x00000000e0400000, 0x00000000e0400000|100%|HS|  |TAMS 0x00000000e0400000, 0x00000000e0300000| Complete 
|   4|0x00000000e0400000, 0x00000000e0500000, 0x00000000e0500000|100%|HC|  |TAMS 0x00000000e0500000, 0x00000000e0400000| Complete 
|   5|0x00000000e0500000, 0x00000000e0600000, 0x00000000e0600000|100%|HC|  |TAMS 0x00000000e0600000, 0x00000000e0500000| Complete 
|   6|0x00000000e0600000, 0x00000000e0700000, 0x00000000e0700000|100%| O|  |TAMS 0x00000000e0700000, 0x00000000e0600000| Untracked 
|   7|0x00000000e0700000, 0x00000000e0800000, 0x00000000e0800000|100%| O|  |TAMS 0x00000000e0800000, 0x00000000e0700000| Untracked 
|   8|0x00000000e0800000, 0x00000000e0900000, 0x00000000e0900000|100%| O|  |TAMS 0x00000000e0900000, 0x00000000e0800000| Untracked 
|   9|0x00000000e0900000, 0x00000000e0a00000, 0x00000000e0a00000|100%| O|  |TAMS 0x00000000e0916400, 0x00000000e0900000| Untracked 
|  10|0x00000000e0a00000, 0x00000000e0b00000, 0x00000000e0b00000|100%| O|  |TAMS 0x00000000e0a00000, 0x00000000e0a00000| Untracked 
|  11|0x00000000e0b00000, 0x00000000e0c00000, 0x00000000e0c00000|100%| O|  |TAMS 0x00000000e0b00000, 0x00000000e0b00000| Untracked 
|  12|0x00000000e0c00000, 0x00000000e0d00000, 0x00000000e0d00000|100%| O|  |TAMS 0x00000000e0c00000, 0x00000000e0c00000| Untracked 
|  13|0x00000000e0d00000, 0x00000000e0e00000, 0x00000000e0e00000|100%| O|  |TAMS 0x00000000e0d00000, 0x00000000e0d00000| Untracked 
|  14|0x00000000e0e00000, 0x00000000e0f00000, 0x00000000e0f00000|100%| O|  |TAMS 0x00000000e0e00000, 0x00000000e0e00000| Untracked 
|  15|0x00000000e0f00000, 0x00000000e1000000, 0x00000000e1000000|100%| O|  |TAMS 0x00000000e0f00000, 0x00000000e0f00000| Untracked 
|  16|0x00000000e1000000, 0x00000000e1067a00, 0x00000000e1100000| 40%| O|  |TAMS 0x00000000e1000000, 0x00000000e1000000| Untracked 
|  17|0x00000000e1100000, 0x00000000e1200000, 0x00000000e1200000|100%|HS|  |TAMS 0x00000000e1100000, 0x00000000e1100000| Complete 
|  18|0x00000000e1200000, 0x00000000e1300000, 0x00000000e1300000|100%|HC|  |TAMS 0x00000000e1200000, 0x00000000e1200000| Complete 
|  19|0x00000000e1300000, 0x00000000e1400000, 0x00000000e1400000|100%|HS|  |TAMS 0x00000000e1300000, 0x00000000e1300000| Complete 
|  20|0x00000000e1400000, 0x00000000e1500000, 0x00000000e1500000|100%|HC|  |TAMS 0x00000000e1400000, 0x00000000e1400000| Complete 
|  21|0x00000000e1500000, 0x00000000e1600000, 0x00000000e1600000|100%|HC|  |TAMS 0x00000000e1500000, 0x00000000e1500000| Complete 
|  22|0x00000000e1600000, 0x00000000e1700000, 0x00000000e1700000|100%|HS|  |TAMS 0x00000000e1600000, 0x00000000e1600000| Complete 
|  23|0x00000000e1700000, 0x00000000e1800000, 0x00000000e1800000|100%|HC|  |TAMS 0x00000000e1700000, 0x00000000e1700000| Complete 
|  24|0x00000000e1800000, 0x00000000e1900000, 0x00000000e1900000|100%|HC|  |TAMS 0x00000000e1800000, 0x00000000e1800000| Complete 
|  25|0x00000000e1900000, 0x00000000e1a00000, 0x00000000e1a00000|100%|HS|  |TAMS 0x00000000e1900000, 0x00000000e1900000| Complete 
|  26|0x00000000e1a00000, 0x00000000e1b00000, 0x00000000e1b00000|100%|HC|  |TAMS 0x00000000e1a00000, 0x00000000e1a00000| Complete 
|  27|0x00000000e1b00000, 0x00000000e1c00000, 0x00000000e1c00000|100%|HS|  |TAMS 0x00000000e1b00000, 0x00000000e1b00000| Complete 
|  28|0x00000000e1c00000, 0x00000000e1d00000, 0x00000000e1d00000|100%|HC|  |TAMS 0x00000000e1c00000, 0x00000000e1c00000| Complete 
|  29|0x00000000e1d00000, 0x00000000e1e00000, 0x00000000e1e00000|100%|HC|  |TAMS 0x00000000e1d00000, 0x00000000e1d00000| Complete 
|  30|0x00000000e1e00000, 0x00000000e1f00000, 0x00000000e1f00000|100%|HC|  |TAMS 0x00000000e1e00000, 0x00000000e1e00000| Complete 
|  31|0x00000000e1f00000, 0x00000000e2000000, 0x00000000e2000000|100%|HC|  |TAMS 0x00000000e1f00000, 0x00000000e1f00000| Complete 
|  32|0x00000000e2000000, 0x00000000e2100000, 0x00000000e2100000|100%|HC|  |TAMS 0x00000000e2000000, 0x00000000e2000000| Complete 
|  33|0x00000000e2100000, 0x00000000e2200000, 0x00000000e2200000|100%|HC|  |TAMS 0x00000000e2100000, 0x00000000e2100000| Complete 
|  34|0x00000000e2200000, 0x00000000e2300000, 0x00000000e2300000|100%|HS|  |TAMS 0x00000000e2200000, 0x00000000e2200000| Complete 
|  35|0x00000000e2300000, 0x00000000e2400000, 0x00000000e2400000|100%|HS|  |TAMS 0x00000000e2300000, 0x00000000e2300000| Complete 
|  36|0x00000000e2400000, 0x00000000e2500000, 0x00000000e2500000|100%|HS|  |TAMS 0x00000000e2400000, 0x00000000e2400000| Complete 
|  37|0x00000000e2500000, 0x00000000e2600000, 0x00000000e2600000|100%|HC|  |TAMS 0x00000000e2500000, 0x00000000e2500000| Complete 
|  38|0x00000000e2600000, 0x00000000e2700000, 0x00000000e2700000|100%|HC|  |TAMS 0x00000000e2600000, 0x00000000e2600000| Complete 
|  39|0x00000000e2700000, 0x00000000e2800000, 0x00000000e2800000|100%|HC|  |TAMS 0x00000000e2700000, 0x00000000e2700000| Complete 
|  40|0x00000000e2800000, 0x00000000e2900000, 0x00000000e2900000|100%|HC|  |TAMS 0x00000000e2800000, 0x00000000e2800000| Complete 
|  41|0x00000000e2900000, 0x00000000e2a00000, 0x00000000e2a00000|100%|HC|  |TAMS 0x00000000e2900000, 0x00000000e2900000| Complete 
|  42|0x00000000e2a00000, 0x00000000e2b00000, 0x00000000e2b00000|100%|HC|  |TAMS 0x00000000e2a00000, 0x00000000e2a00000| Complete 
|  43|0x00000000e2b00000, 0x00000000e2c00000, 0x00000000e2c00000|100%|HC|  |TAMS 0x00000000e2b00000, 0x00000000e2b00000| Complete 
|  44|0x00000000e2c00000, 0x00000000e2d00000, 0x00000000e2d00000|100%|HC|  |TAMS 0x00000000e2c00000, 0x00000000e2c00000| Complete 
|  45|0x00000000e2d00000, 0x00000000e2e00000, 0x00000000e2e00000|100%|HC|  |TAMS 0x00000000e2d00000, 0x00000000e2d00000| Complete 
|  46|0x00000000e2e00000, 0x00000000e2f00000, 0x00000000e2f00000|100%|HC|  |TAMS 0x00000000e2e00000, 0x00000000e2e00000| Complete 
|  47|0x00000000e2f00000, 0x00000000e3000000, 0x00000000e3000000|100%|HS|  |TAMS 0x00000000e2f00000, 0x00000000e2f00000| Complete 
|  48|0x00000000e3000000, 0x00000000e3100000, 0x00000000e3100000|100%|HC|  |TAMS 0x00000000e3000000, 0x00000000e3000000| Complete 
|  49|0x00000000e3100000, 0x00000000e3100000, 0x00000000e3200000|  0%| F|  |TAMS 0x00000000e3100000, 0x00000000e3100000| Untracked 
|  50|0x00000000e3200000, 0x00000000e3200000, 0x00000000e3300000|  0%| F|  |TAMS 0x00000000e3200000, 0x00000000e3200000| Untracked 
|  51|0x00000000e3300000, 0x00000000e3300000, 0x00000000e3400000|  0%| F|  |TAMS 0x00000000e3300000, 0x00000000e3300000| Untracked 
|  52|0x00000000e3400000, 0x00000000e3400000, 0x00000000e3500000|  0%| F|  |TAMS 0x00000000e3400000, 0x00000000e3400000| Untracked 
|  53|0x00000000e3500000, 0x00000000e3500000, 0x00000000e3600000|  0%| F|  |TAMS 0x00000000e3500000, 0x00000000e3500000| Untracked 
|  54|0x00000000e3600000, 0x00000000e3600000, 0x00000000e3700000|  0%| F|  |TAMS 0x00000000e3600000, 0x00000000e3600000| Untracked 
|  55|0x00000000e3700000, 0x00000000e3700000, 0x00000000e3800000|  0%| F|  |TAMS 0x00000000e3700000, 0x00000000e3700000| Untracked 
|  56|0x00000000e3800000, 0x00000000e3800000, 0x00000000e3900000|  0%| F|  |TAMS 0x00000000e3800000, 0x00000000e3800000| Untracked 
|  57|0x00000000e3900000, 0x00000000e3900000, 0x00000000e3a00000|  0%| F|  |TAMS 0x00000000e3900000, 0x00000000e3900000| Untracked 
|  58|0x00000000e3a00000, 0x00000000e3a00000, 0x00000000e3b00000|  0%| F|  |TAMS 0x00000000e3a00000, 0x00000000e3a00000| Untracked 
|  59|0x00000000e3b00000, 0x00000000e3b00000, 0x00000000e3c00000|  0%| F|  |TAMS 0x00000000e3b00000, 0x00000000e3b00000| Untracked 
|  60|0x00000000e3c00000, 0x00000000e3c00000, 0x00000000e3d00000|  0%| F|  |TAMS 0x00000000e3c00000, 0x00000000e3c00000| Untracked 
|  61|0x00000000e3d00000, 0x00000000e3d00000, 0x00000000e3e00000|  0%| F|  |TAMS 0x00000000e3d00000, 0x00000000e3d00000| Untracked 
|  62|0x00000000e3e00000, 0x00000000e3e00000, 0x00000000e3f00000|  0%| F|  |TAMS 0x00000000e3e00000, 0x00000000e3e00000| Untracked 
|  63|0x00000000e3f00000, 0x00000000e3f00000, 0x00000000e4000000|  0%| F|  |TAMS 0x00000000e3f00000, 0x00000000e3f00000| Untracked 
|  64|0x00000000e4000000, 0x00000000e4000000, 0x00000000e4100000|  0%| F|  |TAMS 0x00000000e4000000, 0x00000000e4000000| Untracked 
|  65|0x00000000e4100000, 0x00000000e4100000, 0x00000000e4200000|  0%| F|  |TAMS 0x00000000e4100000, 0x00000000e4100000| Untracked 
|  66|0x00000000e4200000, 0x00000000e4200000, 0x00000000e4300000|  0%| F|  |TAMS 0x00000000e4200000, 0x00000000e4200000| Untracked 
|  67|0x00000000e4300000, 0x00000000e4300000, 0x00000000e4400000|  0%| F|  |TAMS 0x00000000e4300000, 0x00000000e4300000| Untracked 
|  68|0x00000000e4400000, 0x00000000e4400000, 0x00000000e4500000|  0%| F|  |TAMS 0x00000000e4400000, 0x00000000e4400000| Untracked 
|  69|0x00000000e4500000, 0x00000000e4500000, 0x00000000e4600000|  0%| F|  |TAMS 0x00000000e4500000, 0x00000000e4500000| Untracked 
|  70|0x00000000e4600000, 0x00000000e4600000, 0x00000000e4700000|  0%| F|  |TAMS 0x00000000e4600000, 0x00000000e4600000| Untracked 
|  71|0x00000000e4700000, 0x00000000e4700000, 0x00000000e4800000|  0%| F|  |TAMS 0x00000000e4700000, 0x00000000e4700000| Untracked 
|  72|0x00000000e4800000, 0x00000000e4800000, 0x00000000e4900000|  0%| F|  |TAMS 0x00000000e4800000, 0x00000000e4800000| Untracked 
|  73|0x00000000e4900000, 0x00000000e4900000, 0x00000000e4a00000|  0%| F|  |TAMS 0x00000000e4900000, 0x00000000e4900000| Untracked 
|  74|0x00000000e4a00000, 0x00000000e4a00000, 0x00000000e4b00000|  0%| F|  |TAMS 0x00000000e4a00000, 0x00000000e4a00000| Untracked 
|  75|0x00000000e4b00000, 0x00000000e4b00000, 0x00000000e4c00000|  0%| F|  |TAMS 0x00000000e4b00000, 0x00000000e4b00000| Untracked 
|  76|0x00000000e4c00000, 0x00000000e4c00000, 0x00000000e4d00000|  0%| F|  |TAMS 0x00000000e4c00000, 0x00000000e4c00000| Untracked 
|  77|0x00000000e4d00000, 0x00000000e4d00000, 0x00000000e4e00000|  0%| F|  |TAMS 0x00000000e4d00000, 0x00000000e4d00000| Untracked 
|  78|0x00000000e4e00000, 0x00000000e4e00000, 0x00000000e4f00000|  0%| F|  |TAMS 0x00000000e4e00000, 0x00000000e4e00000| Untracked 
|  79|0x00000000e4f00000, 0x00000000e4f00000, 0x00000000e5000000|  0%| F|  |TAMS 0x00000000e4f00000, 0x00000000e4f00000| Untracked 
|  80|0x00000000e5000000, 0x00000000e5000000, 0x00000000e5100000|  0%| F|  |TAMS 0x00000000e5000000, 0x00000000e5000000| Untracked 
|  81|0x00000000e5100000, 0x00000000e5100000, 0x00000000e5200000|  0%| F|  |TAMS 0x00000000e5100000, 0x00000000e5100000| Untracked 
|  82|0x00000000e5200000, 0x00000000e5200000, 0x00000000e5300000|  0%| F|  |TAMS 0x00000000e5200000, 0x00000000e5200000| Untracked 
|  83|0x00000000e5300000, 0x00000000e5300000, 0x00000000e5400000|  0%| F|  |TAMS 0x00000000e5300000, 0x00000000e5300000| Untracked 
|  84|0x00000000e5400000, 0x00000000e5400000, 0x00000000e5500000|  0%| F|  |TAMS 0x00000000e5400000, 0x00000000e5400000| Untracked 
|  85|0x00000000e5500000, 0x00000000e5500000, 0x00000000e5600000|  0%| F|  |TAMS 0x00000000e5500000, 0x00000000e5500000| Untracked 
|  86|0x00000000e5600000, 0x00000000e5600000, 0x00000000e5700000|  0%| F|  |TAMS 0x00000000e5600000, 0x00000000e5600000| Untracked 
|  87|0x00000000e5700000, 0x00000000e5700000, 0x00000000e5800000|  0%| F|  |TAMS 0x00000000e5700000, 0x00000000e5700000| Untracked 
|  88|0x00000000e5800000, 0x00000000e5800000, 0x00000000e5900000|  0%| F|  |TAMS 0x00000000e5800000, 0x00000000e5800000| Untracked 
|  89|0x00000000e5900000, 0x00000000e5900000, 0x00000000e5a00000|  0%| F|  |TAMS 0x00000000e5900000, 0x00000000e5900000| Untracked 
|  90|0x00000000e5a00000, 0x00000000e5a00000, 0x00000000e5b00000|  0%| F|  |TAMS 0x00000000e5a00000, 0x00000000e5a00000| Untracked 
|  91|0x00000000e5b00000, 0x00000000e5b00000, 0x00000000e5c00000|  0%| F|  |TAMS 0x00000000e5b00000, 0x00000000e5b00000| Untracked 
|  92|0x00000000e5c00000, 0x00000000e5c00000, 0x00000000e5d00000|  0%| F|  |TAMS 0x00000000e5c00000, 0x00000000e5c00000| Untracked 
|  93|0x00000000e5d00000, 0x00000000e5d00000, 0x00000000e5e00000|  0%| F|  |TAMS 0x00000000e5d00000, 0x00000000e5d00000| Untracked 
|  94|0x00000000e5e00000, 0x00000000e5e00000, 0x00000000e5f00000|  0%| F|  |TAMS 0x00000000e5e00000, 0x00000000e5e00000| Untracked 
|  95|0x00000000e5f00000, 0x00000000e5f00000, 0x00000000e6000000|  0%| F|  |TAMS 0x00000000e5f00000, 0x00000000e5f00000| Untracked 
|  96|0x00000000e6000000, 0x00000000e6000000, 0x00000000e6100000|  0%| F|  |TAMS 0x00000000e6000000, 0x00000000e6000000| Untracked 
|  97|0x00000000e6100000, 0x00000000e6100000, 0x00000000e6200000|  0%| F|  |TAMS 0x00000000e6100000, 0x00000000e6100000| Untracked 
|  98|0x00000000e6200000, 0x00000000e6200000, 0x00000000e6300000|  0%| F|  |TAMS 0x00000000e6200000, 0x00000000e6200000| Untracked 
|  99|0x00000000e6300000, 0x00000000e6300000, 0x00000000e6400000|  0%| F|  |TAMS 0x00000000e6300000, 0x00000000e6300000| Untracked 
| 100|0x00000000e6400000, 0x00000000e6400000, 0x00000000e6500000|  0%| F|  |TAMS 0x00000000e6400000, 0x00000000e6400000| Untracked 
| 101|0x00000000e6500000, 0x00000000e6500000, 0x00000000e6600000|  0%| F|  |TAMS 0x00000000e6500000, 0x00000000e6500000| Untracked 
| 102|0x00000000e6600000, 0x00000000e6600000, 0x00000000e6700000|  0%| F|  |TAMS 0x00000000e6600000, 0x00000000e6600000| Untracked 
| 103|0x00000000e6700000, 0x00000000e6700000, 0x00000000e6800000|  0%| F|  |TAMS 0x00000000e6700000, 0x00000000e6700000| Untracked 
| 104|0x00000000e6800000, 0x00000000e6800000, 0x00000000e6900000|  0%| F|  |TAMS 0x00000000e6800000, 0x00000000e6800000| Untracked 
| 105|0x00000000e6900000, 0x00000000e6900000, 0x00000000e6a00000|  0%| F|  |TAMS 0x00000000e6900000, 0x00000000e6900000| Untracked 
| 106|0x00000000e6a00000, 0x00000000e6a00000, 0x00000000e6b00000|  0%| F|  |TAMS 0x00000000e6a00000, 0x00000000e6a00000| Untracked 
| 107|0x00000000e6b00000, 0x00000000e6b00000, 0x00000000e6c00000|  0%| F|  |TAMS 0x00000000e6b00000, 0x00000000e6b00000| Untracked 
| 108|0x00000000e6c00000, 0x00000000e6c00000, 0x00000000e6d00000|  0%| F|  |TAMS 0x00000000e6c00000, 0x00000000e6c00000| Untracked 
| 109|0x00000000e6d00000, 0x00000000e6d00000, 0x00000000e6e00000|  0%| F|  |TAMS 0x00000000e6d00000, 0x00000000e6d00000| Untracked 
| 110|0x00000000e6e00000, 0x00000000e6e00000, 0x00000000e6f00000|  0%| F|  |TAMS 0x00000000e6e00000, 0x00000000e6e00000| Untracked 
| 111|0x00000000e6f00000, 0x00000000e6f00000, 0x00000000e7000000|  0%| F|  |TAMS 0x00000000e6f00000, 0x00000000e6f00000| Untracked 
| 112|0x00000000e7000000, 0x00000000e7000000, 0x00000000e7100000|  0%| F|  |TAMS 0x00000000e7000000, 0x00000000e7000000| Untracked 
| 113|0x00000000e7100000, 0x00000000e7100000, 0x00000000e7200000|  0%| F|  |TAMS 0x00000000e7100000, 0x00000000e7100000| Untracked 
| 114|0x00000000e7200000, 0x00000000e7200000, 0x00000000e7300000|  0%| F|  |TAMS 0x00000000e7200000, 0x00000000e7200000| Untracked 
| 115|0x00000000e7300000, 0x00000000e7300000, 0x00000000e7400000|  0%| F|  |TAMS 0x00000000e7300000, 0x00000000e7300000| Untracked 
| 116|0x00000000e7400000, 0x00000000e7400000, 0x00000000e7500000|  0%| F|  |TAMS 0x00000000e7400000, 0x00000000e7400000| Untracked 
| 117|0x00000000e7500000, 0x00000000e7500000, 0x00000000e7600000|  0%| F|  |TAMS 0x00000000e7500000, 0x00000000e7500000| Untracked 
| 118|0x00000000e7600000, 0x00000000e7600000, 0x00000000e7700000|  0%| F|  |TAMS 0x00000000e7600000, 0x00000000e7600000| Untracked 
| 119|0x00000000e7700000, 0x00000000e7700000, 0x00000000e7800000|  0%| F|  |TAMS 0x00000000e7700000, 0x00000000e7700000| Untracked 
| 120|0x00000000e7800000, 0x00000000e7800000, 0x00000000e7900000|  0%| F|  |TAMS 0x00000000e7800000, 0x00000000e7800000| Untracked 
| 121|0x00000000e7900000, 0x00000000e7900000, 0x00000000e7a00000|  0%| F|  |TAMS 0x00000000e7900000, 0x00000000e7900000| Untracked 
| 122|0x00000000e7a00000, 0x00000000e7a00000, 0x00000000e7b00000|  0%| F|  |TAMS 0x00000000e7a00000, 0x00000000e7a00000| Untracked 
| 123|0x00000000e7b00000, 0x00000000e7b00000, 0x00000000e7c00000|  0%| F|  |TAMS 0x00000000e7b00000, 0x00000000e7b00000| Untracked 
| 124|0x00000000e7c00000, 0x00000000e7c00000, 0x00000000e7d00000|  0%| F|  |TAMS 0x00000000e7c00000, 0x00000000e7c00000| Untracked 
| 125|0x00000000e7d00000, 0x00000000e7d00000, 0x00000000e7e00000|  0%| F|  |TAMS 0x00000000e7d00000, 0x00000000e7d00000| Untracked 
| 126|0x00000000e7e00000, 0x00000000e7e00000, 0x00000000e7f00000|  0%| F|  |TAMS 0x00000000e7e00000, 0x00000000e7e00000| Untracked 
| 127|0x00000000e7f00000, 0x00000000e7f00000, 0x00000000e8000000|  0%| F|  |TAMS 0x00000000e7f00000, 0x00000000e7f00000| Untracked 
| 128|0x00000000e8000000, 0x00000000e8000000, 0x00000000e8100000|  0%| F|  |TAMS 0x00000000e8000000, 0x00000000e8000000| Untracked 
| 129|0x00000000e8100000, 0x00000000e8100000, 0x00000000e8200000|  0%| F|  |TAMS 0x00000000e8100000, 0x00000000e8100000| Untracked 
| 130|0x00000000e8200000, 0x00000000e8200000, 0x00000000e8300000|  0%| F|  |TAMS 0x00000000e8200000, 0x00000000e8200000| Untracked 
| 131|0x00000000e8300000, 0x00000000e8300000, 0x00000000e8400000|  0%| F|  |TAMS 0x00000000e8300000, 0x00000000e8300000| Untracked 
| 132|0x00000000e8400000, 0x00000000e8400000, 0x00000000e8500000|  0%| F|  |TAMS 0x00000000e8400000, 0x00000000e8400000| Untracked 
| 133|0x00000000e8500000, 0x00000000e8500000, 0x00000000e8600000|  0%| F|  |TAMS 0x00000000e8500000, 0x00000000e8500000| Untracked 
| 134|0x00000000e8600000, 0x00000000e8600000, 0x00000000e8700000|  0%| F|  |TAMS 0x00000000e8600000, 0x00000000e8600000| Untracked 
| 135|0x00000000e8700000, 0x00000000e8700000, 0x00000000e8800000|  0%| F|  |TAMS 0x00000000e8700000, 0x00000000e8700000| Untracked 
| 136|0x00000000e8800000, 0x00000000e8800000, 0x00000000e8900000|  0%| F|  |TAMS 0x00000000e8800000, 0x00000000e8800000| Untracked 
| 137|0x00000000e8900000, 0x00000000e8900000, 0x00000000e8a00000|  0%| F|  |TAMS 0x00000000e8900000, 0x00000000e8900000| Untracked 
| 138|0x00000000e8a00000, 0x00000000e8a00000, 0x00000000e8b00000|  0%| F|  |TAMS 0x00000000e8a00000, 0x00000000e8a00000| Untracked 
| 139|0x00000000e8b00000, 0x00000000e8b00000, 0x00000000e8c00000|  0%| F|  |TAMS 0x00000000e8b00000, 0x00000000e8b00000| Untracked 
| 140|0x00000000e8c00000, 0x00000000e8c00000, 0x00000000e8d00000|  0%| F|  |TAMS 0x00000000e8c00000, 0x00000000e8c00000| Untracked 
| 141|0x00000000e8d00000, 0x00000000e8d00000, 0x00000000e8e00000|  0%| F|  |TAMS 0x00000000e8d00000, 0x00000000e8d00000| Untracked 
| 142|0x00000000e8e00000, 0x00000000e8e00000, 0x00000000e8f00000|  0%| F|  |TAMS 0x00000000e8e00000, 0x00000000e8e00000| Untracked 
| 143|0x00000000e8f00000, 0x00000000e8f00000, 0x00000000e9000000|  0%| F|  |TAMS 0x00000000e8f00000, 0x00000000e8f00000| Untracked 
| 144|0x00000000e9000000, 0x00000000e9000000, 0x00000000e9100000|  0%| F|  |TAMS 0x00000000e9000000, 0x00000000e9000000| Untracked 
| 145|0x00000000e9100000, 0x00000000e9100000, 0x00000000e9200000|  0%| F|  |TAMS 0x00000000e9100000, 0x00000000e9100000| Untracked 
| 146|0x00000000e9200000, 0x00000000e9200000, 0x00000000e9300000|  0%| F|  |TAMS 0x00000000e9200000, 0x00000000e9200000| Untracked 
| 147|0x00000000e9300000, 0x00000000e9300000, 0x00000000e9400000|  0%| F|  |TAMS 0x00000000e9300000, 0x00000000e9300000| Untracked 
| 148|0x00000000e9400000, 0x00000000e9400000, 0x00000000e9500000|  0%| F|  |TAMS 0x00000000e9400000, 0x00000000e9400000| Untracked 
| 149|0x00000000e9500000, 0x00000000e9500000, 0x00000000e9600000|  0%| F|  |TAMS 0x00000000e9500000, 0x00000000e9500000| Untracked 
| 150|0x00000000e9600000, 0x00000000e9600000, 0x00000000e9700000|  0%| F|  |TAMS 0x00000000e9600000, 0x00000000e9600000| Untracked 
| 151|0x00000000e9700000, 0x00000000e9700000, 0x00000000e9800000|  0%| F|  |TAMS 0x00000000e9700000, 0x00000000e9700000| Untracked 
| 152|0x00000000e9800000, 0x00000000e9800000, 0x00000000e9900000|  0%| F|  |TAMS 0x00000000e9800000, 0x00000000e9800000| Untracked 
| 153|0x00000000e9900000, 0x00000000e9900000, 0x00000000e9a00000|  0%| F|  |TAMS 0x00000000e9900000, 0x00000000e9900000| Untracked 
| 154|0x00000000e9a00000, 0x00000000e9a00000, 0x00000000e9b00000|  0%| F|  |TAMS 0x00000000e9a00000, 0x00000000e9a00000| Untracked 
| 155|0x00000000e9b00000, 0x00000000e9b00000, 0x00000000e9c00000|  0%| F|  |TAMS 0x00000000e9b00000, 0x00000000e9b00000| Untracked 
| 156|0x00000000e9c00000, 0x00000000e9c00000, 0x00000000e9d00000|  0%| F|  |TAMS 0x00000000e9c00000, 0x00000000e9c00000| Untracked 
| 157|0x00000000e9d00000, 0x00000000e9d00000, 0x00000000e9e00000|  0%| F|  |TAMS 0x00000000e9d00000, 0x00000000e9d00000| Untracked 
| 158|0x00000000e9e00000, 0x00000000e9e00000, 0x00000000e9f00000|  0%| F|  |TAMS 0x00000000e9e00000, 0x00000000e9e00000| Untracked 
| 159|0x00000000e9f00000, 0x00000000e9f00000, 0x00000000ea000000|  0%| F|  |TAMS 0x00000000e9f00000, 0x00000000e9f00000| Untracked 
| 160|0x00000000ea000000, 0x00000000ea000000, 0x00000000ea100000|  0%| F|  |TAMS 0x00000000ea000000, 0x00000000ea000000| Untracked 
| 161|0x00000000ea100000, 0x00000000ea100000, 0x00000000ea200000|  0%| F|  |TAMS 0x00000000ea100000, 0x00000000ea100000| Untracked 
| 162|0x00000000ea200000, 0x00000000ea200000, 0x00000000ea300000|  0%| F|  |TAMS 0x00000000ea200000, 0x00000000ea200000| Untracked 
| 163|0x00000000ea300000, 0x00000000ea300000, 0x00000000ea400000|  0%| F|  |TAMS 0x00000000ea300000, 0x00000000ea300000| Untracked 
| 164|0x00000000ea400000, 0x00000000ea400000, 0x00000000ea500000|  0%| F|  |TAMS 0x00000000ea400000, 0x00000000ea400000| Untracked 
| 165|0x00000000ea500000, 0x00000000ea500000, 0x00000000ea600000|  0%| F|  |TAMS 0x00000000ea500000, 0x00000000ea500000| Untracked 
| 166|0x00000000ea600000, 0x00000000ea600000, 0x00000000ea700000|  0%| F|  |TAMS 0x00000000ea600000, 0x00000000ea600000| Untracked 
| 167|0x00000000ea700000, 0x00000000ea700000, 0x00000000ea800000|  0%| F|  |TAMS 0x00000000ea700000, 0x00000000ea700000| Untracked 
| 168|0x00000000ea800000, 0x00000000ea800000, 0x00000000ea900000|  0%| F|  |TAMS 0x00000000ea800000, 0x00000000ea800000| Untracked 
| 169|0x00000000ea900000, 0x00000000ea95f600, 0x00000000eaa00000| 37%| S|CS|TAMS 0x00000000ea900000, 0x00000000ea900000| Complete 
| 170|0x00000000eaa00000, 0x00000000eab00000, 0x00000000eab00000|100%| S|CS|TAMS 0x00000000eaa00000, 0x00000000eaa00000| Complete 
| 171|0x00000000eab00000, 0x00000000eac00000, 0x00000000eac00000|100%| S|CS|TAMS 0x00000000eab00000, 0x00000000eab00000| Complete 
| 172|0x00000000eac00000, 0x00000000ead00000, 0x00000000ead00000|100%| S|CS|TAMS 0x00000000eac00000, 0x00000000eac00000| Complete 
| 173|0x00000000ead00000, 0x00000000eae00000, 0x00000000eae00000|100%| S|CS|TAMS 0x00000000ead00000, 0x00000000ead00000| Complete 
| 174|0x00000000eae00000, 0x00000000eaf00000, 0x00000000eaf00000|100%| S|CS|TAMS 0x00000000eae00000, 0x00000000eae00000| Complete 
| 175|0x00000000eaf00000, 0x00000000eb000000, 0x00000000eb000000|100%| S|CS|TAMS 0x00000000eaf00000, 0x00000000eaf00000| Complete 
| 176|0x00000000eb000000, 0x00000000eb000000, 0x00000000eb100000|  0%| F|  |TAMS 0x00000000eb000000, 0x00000000eb000000| Untracked 
| 177|0x00000000eb100000, 0x00000000eb100000, 0x00000000eb200000|  0%| F|  |TAMS 0x00000000eb100000, 0x00000000eb100000| Untracked 
| 178|0x00000000eb200000, 0x00000000eb200000, 0x00000000eb300000|  0%| F|  |TAMS 0x00000000eb200000, 0x00000000eb200000| Untracked 
| 179|0x00000000eb300000, 0x00000000eb300000, 0x00000000eb400000|  0%| F|  |TAMS 0x00000000eb300000, 0x00000000eb300000| Untracked 
| 180|0x00000000eb400000, 0x00000000eb400000, 0x00000000eb500000|  0%| F|  |TAMS 0x00000000eb400000, 0x00000000eb400000| Untracked 
| 181|0x00000000eb500000, 0x00000000eb500000, 0x00000000eb600000|  0%| F|  |TAMS 0x00000000eb500000, 0x00000000eb500000| Untracked 
| 182|0x00000000eb600000, 0x00000000eb600000, 0x00000000eb700000|  0%| F|  |TAMS 0x00000000eb600000, 0x00000000eb600000| Untracked 
| 183|0x00000000eb700000, 0x00000000eb700000, 0x00000000eb800000|  0%| F|  |TAMS 0x00000000eb700000, 0x00000000eb700000| Untracked 
| 184|0x00000000eb800000, 0x00000000eb800000, 0x00000000eb900000|  0%| F|  |TAMS 0x00000000eb800000, 0x00000000eb800000| Untracked 
| 185|0x00000000eb900000, 0x00000000eb900000, 0x00000000eba00000|  0%| F|  |TAMS 0x00000000eb900000, 0x00000000eb900000| Untracked 
| 186|0x00000000eba00000, 0x00000000eba00000, 0x00000000ebb00000|  0%| F|  |TAMS 0x00000000eba00000, 0x00000000eba00000| Untracked 
| 187|0x00000000ebb00000, 0x00000000ebb00000, 0x00000000ebc00000|  0%| F|  |TAMS 0x00000000ebb00000, 0x00000000ebb00000| Untracked 
| 188|0x00000000ebc00000, 0x00000000ebc00000, 0x00000000ebd00000|  0%| F|  |TAMS 0x00000000ebc00000, 0x00000000ebc00000| Untracked 
| 189|0x00000000ebd00000, 0x00000000ebd00000, 0x00000000ebe00000|  0%| F|  |TAMS 0x00000000ebd00000, 0x00000000ebd00000| Untracked 
| 190|0x00000000ebe00000, 0x00000000ebe00000, 0x00000000ebf00000|  0%| F|  |TAMS 0x00000000ebe00000, 0x00000000ebe00000| Untracked 
| 191|0x00000000ebf00000, 0x00000000ebf00000, 0x00000000ec000000|  0%| F|  |TAMS 0x00000000ebf00000, 0x00000000ebf00000| Untracked 
| 192|0x00000000ec000000, 0x00000000ec000000, 0x00000000ec100000|  0%| F|  |TAMS 0x00000000ec000000, 0x00000000ec000000| Untracked 
| 193|0x00000000ec100000, 0x00000000ec100000, 0x00000000ec200000|  0%| F|  |TAMS 0x00000000ec100000, 0x00000000ec100000| Untracked 
| 194|0x00000000ec200000, 0x00000000ec200000, 0x00000000ec300000|  0%| F|  |TAMS 0x00000000ec200000, 0x00000000ec200000| Untracked 
| 195|0x00000000ec300000, 0x00000000ec300000, 0x00000000ec400000|  0%| F|  |TAMS 0x00000000ec300000, 0x00000000ec300000| Untracked 
| 196|0x00000000ec400000, 0x00000000ec400000, 0x00000000ec500000|  0%| F|  |TAMS 0x00000000ec400000, 0x00000000ec400000| Untracked 
| 197|0x00000000ec500000, 0x00000000ec500000, 0x00000000ec600000|  0%| F|  |TAMS 0x00000000ec500000, 0x00000000ec500000| Untracked 
| 198|0x00000000ec600000, 0x00000000ec600000, 0x00000000ec700000|  0%| F|  |TAMS 0x00000000ec600000, 0x00000000ec600000| Untracked 
| 199|0x00000000ec700000, 0x00000000ec700000, 0x00000000ec800000|  0%| F|  |TAMS 0x00000000ec700000, 0x00000000ec700000| Untracked 
| 200|0x00000000ec800000, 0x00000000ec800000, 0x00000000ec900000|  0%| F|  |TAMS 0x00000000ec800000, 0x00000000ec800000| Untracked 
| 201|0x00000000ec900000, 0x00000000ec900000, 0x00000000eca00000|  0%| F|  |TAMS 0x00000000ec900000, 0x00000000ec900000| Untracked 
| 202|0x00000000eca00000, 0x00000000eca00000, 0x00000000ecb00000|  0%| F|  |TAMS 0x00000000eca00000, 0x00000000eca00000| Untracked 
| 203|0x00000000ecb00000, 0x00000000ecb00000, 0x00000000ecc00000|  0%| F|  |TAMS 0x00000000ecb00000, 0x00000000ecb00000| Untracked 
| 204|0x00000000ecc00000, 0x00000000ecc00000, 0x00000000ecd00000|  0%| F|  |TAMS 0x00000000ecc00000, 0x00000000ecc00000| Untracked 
| 205|0x00000000ecd00000, 0x00000000ecd00000, 0x00000000ece00000|  0%| F|  |TAMS 0x00000000ecd00000, 0x00000000ecd00000| Untracked 
| 206|0x00000000ece00000, 0x00000000ece00000, 0x00000000ecf00000|  0%| F|  |TAMS 0x00000000ece00000, 0x00000000ece00000| Untracked 
| 207|0x00000000ecf00000, 0x00000000ecf00000, 0x00000000ed000000|  0%| F|  |TAMS 0x00000000ecf00000, 0x00000000ecf00000| Untracked 
| 208|0x00000000ed000000, 0x00000000ed000000, 0x00000000ed100000|  0%| F|  |TAMS 0x00000000ed000000, 0x00000000ed000000| Untracked 
| 209|0x00000000ed100000, 0x00000000ed100000, 0x00000000ed200000|  0%| F|  |TAMS 0x00000000ed100000, 0x00000000ed100000| Untracked 
| 210|0x00000000ed200000, 0x00000000ed200000, 0x00000000ed300000|  0%| F|  |TAMS 0x00000000ed200000, 0x00000000ed200000| Untracked 
| 211|0x00000000ed300000, 0x00000000ed300000, 0x00000000ed400000|  0%| F|  |TAMS 0x00000000ed300000, 0x00000000ed300000| Untracked 
| 212|0x00000000ed400000, 0x00000000ed400000, 0x00000000ed500000|  0%| F|  |TAMS 0x00000000ed400000, 0x00000000ed400000| Untracked 
| 213|0x00000000ed500000, 0x00000000ed500000, 0x00000000ed600000|  0%| F|  |TAMS 0x00000000ed500000, 0x00000000ed500000| Untracked 
| 214|0x00000000ed600000, 0x00000000ed600000, 0x00000000ed700000|  0%| F|  |TAMS 0x00000000ed600000, 0x00000000ed600000| Untracked 
| 215|0x00000000ed700000, 0x00000000ed700000, 0x00000000ed800000|  0%| F|  |TAMS 0x00000000ed700000, 0x00000000ed700000| Untracked 
| 216|0x00000000ed800000, 0x00000000ed800000, 0x00000000ed900000|  0%| F|  |TAMS 0x00000000ed800000, 0x00000000ed800000| Untracked 
| 217|0x00000000ed900000, 0x00000000ed900000, 0x00000000eda00000|  0%| F|  |TAMS 0x00000000ed900000, 0x00000000ed900000| Untracked 
| 218|0x00000000eda00000, 0x00000000eda00000, 0x00000000edb00000|  0%| F|  |TAMS 0x00000000eda00000, 0x00000000eda00000| Untracked 
| 219|0x00000000edb00000, 0x00000000edb00000, 0x00000000edc00000|  0%| F|  |TAMS 0x00000000edb00000, 0x00000000edb00000| Untracked 
| 220|0x00000000edc00000, 0x00000000edc00000, 0x00000000edd00000|  0%| F|  |TAMS 0x00000000edc00000, 0x00000000edc00000| Untracked 
| 221|0x00000000edd00000, 0x00000000edd00000, 0x00000000ede00000|  0%| F|  |TAMS 0x00000000edd00000, 0x00000000edd00000| Untracked 
| 222|0x00000000ede00000, 0x00000000ede00000, 0x00000000edf00000|  0%| F|  |TAMS 0x00000000ede00000, 0x00000000ede00000| Untracked 
| 223|0x00000000edf00000, 0x00000000edf00000, 0x00000000ee000000|  0%| F|  |TAMS 0x00000000edf00000, 0x00000000edf00000| Untracked 
| 224|0x00000000ee000000, 0x00000000ee000000, 0x00000000ee100000|  0%| F|  |TAMS 0x00000000ee000000, 0x00000000ee000000| Untracked 
| 225|0x00000000ee100000, 0x00000000ee200000, 0x00000000ee200000|100%| E|  |TAMS 0x00000000ee100000, 0x00000000ee100000| Complete 
| 226|0x00000000ee200000, 0x00000000ee300000, 0x00000000ee300000|100%| E|CS|TAMS 0x00000000ee200000, 0x00000000ee200000| Complete 
| 227|0x00000000ee300000, 0x00000000ee400000, 0x00000000ee400000|100%| E|CS|TAMS 0x00000000ee300000, 0x00000000ee300000| Complete 
| 228|0x00000000ee400000, 0x00000000ee500000, 0x00000000ee500000|100%| E|CS|TAMS 0x00000000ee400000, 0x00000000ee400000| Complete 
| 229|0x00000000ee500000, 0x00000000ee600000, 0x00000000ee600000|100%| E|CS|TAMS 0x00000000ee500000, 0x00000000ee500000| Complete 
| 230|0x00000000ee600000, 0x00000000ee700000, 0x00000000ee700000|100%| E|CS|TAMS 0x00000000ee600000, 0x00000000ee600000| Complete 
| 231|0x00000000ee700000, 0x00000000ee800000, 0x00000000ee800000|100%| E|CS|TAMS 0x00000000ee700000, 0x00000000ee700000| Complete 
| 232|0x00000000ee800000, 0x00000000ee900000, 0x00000000ee900000|100%| E|CS|TAMS 0x00000000ee800000, 0x00000000ee800000| Complete 
| 233|0x00000000ee900000, 0x00000000eea00000, 0x00000000eea00000|100%| E|CS|TAMS 0x00000000ee900000, 0x00000000ee900000| Complete 
| 234|0x00000000eea00000, 0x00000000eeb00000, 0x00000000eeb00000|100%| E|CS|TAMS 0x00000000eea00000, 0x00000000eea00000| Complete 
| 235|0x00000000eeb00000, 0x00000000eec00000, 0x00000000eec00000|100%| E|CS|TAMS 0x00000000eeb00000, 0x00000000eeb00000| Complete 
| 236|0x00000000eec00000, 0x00000000eed00000, 0x00000000eed00000|100%| E|CS|TAMS 0x00000000eec00000, 0x00000000eec00000| Complete 
| 237|0x00000000eed00000, 0x00000000eee00000, 0x00000000eee00000|100%| E|CS|TAMS 0x00000000eed00000, 0x00000000eed00000| Complete 
| 238|0x00000000eee00000, 0x00000000eef00000, 0x00000000eef00000|100%| E|CS|TAMS 0x00000000eee00000, 0x00000000eee00000| Complete 
| 239|0x00000000eef00000, 0x00000000ef000000, 0x00000000ef000000|100%| E|CS|TAMS 0x00000000eef00000, 0x00000000eef00000| Complete 
| 240|0x00000000ef000000, 0x00000000ef100000, 0x00000000ef100000|100%| E|CS|TAMS 0x00000000ef000000, 0x00000000ef000000| Complete 
| 241|0x00000000ef100000, 0x00000000ef200000, 0x00000000ef200000|100%| E|CS|TAMS 0x00000000ef100000, 0x00000000ef100000| Complete 
| 242|0x00000000ef200000, 0x00000000ef300000, 0x00000000ef300000|100%| E|CS|TAMS 0x00000000ef200000, 0x00000000ef200000| Complete 
| 243|0x00000000ef300000, 0x00000000ef400000, 0x00000000ef400000|100%| E|CS|TAMS 0x00000000ef300000, 0x00000000ef300000| Complete 
| 244|0x00000000ef400000, 0x00000000ef500000, 0x00000000ef500000|100%| E|CS|TAMS 0x00000000ef400000, 0x00000000ef400000| Complete 
| 245|0x00000000ef500000, 0x00000000ef600000, 0x00000000ef600000|100%| E|CS|TAMS 0x00000000ef500000, 0x00000000ef500000| Complete 
| 246|0x00000000ef600000, 0x00000000ef700000, 0x00000000ef700000|100%| E|CS|TAMS 0x00000000ef600000, 0x00000000ef600000| Complete 
| 247|0x00000000ef700000, 0x00000000ef800000, 0x00000000ef800000|100%| E|CS|TAMS 0x00000000ef700000, 0x00000000ef700000| Complete 
| 248|0x00000000ef800000, 0x00000000ef900000, 0x00000000ef900000|100%| E|CS|TAMS 0x00000000ef800000, 0x00000000ef800000| Complete 
| 249|0x00000000ef900000, 0x00000000efa00000, 0x00000000efa00000|100%| E|CS|TAMS 0x00000000ef900000, 0x00000000ef900000| Complete 
| 250|0x00000000efa00000, 0x00000000efb00000, 0x00000000efb00000|100%| E|CS|TAMS 0x00000000efa00000, 0x00000000efa00000| Complete 
| 251|0x00000000efb00000, 0x00000000efc00000, 0x00000000efc00000|100%| E|CS|TAMS 0x00000000efb00000, 0x00000000efb00000| Complete 
| 252|0x00000000efc00000, 0x00000000efd00000, 0x00000000efd00000|100%| E|CS|TAMS 0x00000000efc00000, 0x00000000efc00000| Complete 
| 253|0x00000000efd00000, 0x00000000efe00000, 0x00000000efe00000|100%| E|CS|TAMS 0x00000000efd00000, 0x00000000efd00000| Complete 
| 254|0x00000000efe00000, 0x00000000eff00000, 0x00000000eff00000|100%| E|CS|TAMS 0x00000000efe00000, 0x00000000efe00000| Complete 
| 255|0x00000000eff00000, 0x00000000f0000000, 0x00000000f0000000|100%| E|CS|TAMS 0x00000000eff00000, 0x00000000eff00000| Complete 

Card table byte_map: [0x00000184b64c0000,0x00000184b65c0000] _byte_map_base: 0x00000184b5dc0000

Marking Bits (Prev, Next): (CMBitMap*) 0x000001849e959250, (CMBitMap*) 0x000001849e959218
 Prev Bits: [0x00000184b6ec0000, 0x00000184b76c0000)
 Next Bits: [0x00000184b66c0000, 0x00000184b6ec0000)

Polling page: 0x000001849e110000

Metaspace:

Usage:
  Non-class:     28.89 MB capacity,    28.26 MB ( 98%) used,   561.98 KB (  2%) free+waste,    79.75 KB ( <1%) overhead. 
      Class:      4.71 MB capacity,     4.37 MB ( 93%) used,   309.77 KB (  6%) free+waste,    39.75 KB ( <1%) overhead. 
       Both:     33.61 MB capacity,    32.64 MB ( 97%) used,   871.74 KB (  3%) free+waste,   119.50 KB ( <1%) overhead. 

Virtual space:
  Non-class space:       30.00 MB reserved,      29.00 MB ( 97%) committed 
      Class space:      248.00 MB reserved,       4.75 MB (  2%) committed 
             Both:      278.00 MB reserved,      33.75 MB ( 12%) committed 

Chunk freelists:
   Non-Class:  48.00 KB
       Class:  4.00 KB
        Both:  52.00 KB

MaxMetaspaceSize: 256.00 MB
CompressedClassSpaceSize: 248.00 MB
Initial GC threshold: 20.80 MB
Current GC threshold: 35.20 MB
CDS: off

CodeHeap 'non-profiled nmethods': size=120000Kb used=1568Kb max_used=1568Kb free=118431Kb
 bounds [0x00000184aeb60000, 0x00000184aedd0000, 0x00000184b6090000]
CodeHeap 'profiled nmethods': size=120000Kb used=6085Kb max_used=6085Kb free=113915Kb
 bounds [0x00000184a7630000, 0x00000184a7c30000, 0x00000184aeb60000]
CodeHeap 'non-nmethods': size=5760Kb used=1232Kb max_used=1284Kb free=4528Kb
 bounds [0x00000184a7090000, 0x00000184a7300000, 0x00000184a7630000]
 total_blobs=3372 nmethods=2861 adapters=423
 compilation: enabled
              stopped_count=0, restarted_count=0
 full_count=0

Compilation events (20 events):
Event: 10.002 Thread 0x00000184ba154800 nmethod 2828 0x00000184aece1490 code [0x00000184aece1640, 0x00000184aece16f8]
Event: 10.002 Thread 0x00000184ba154800 2829       3       java.util.concurrent.locks.AbstractQueuedSynchronizer$ConditionObject::awaitNanos (181 bytes)
Event: 10.006 Thread 0x00000184ba154800 nmethod 2829 0x00000184a7c0ab90 code [0x00000184a7c0afa0, 0x00000184a7c0cb78]
Event: 10.006 Thread 0x00000184ba154800 2831       3       java.util.AbstractMap$SimpleImmutableEntry::<init> (15 bytes)
Event: 10.007 Thread 0x00000184ba154800 nmethod 2831 0x00000184a7c0d710 code [0x00000184a7c0d8c0, 0x00000184a7c0dad8]
Event: 10.007 Thread 0x00000184ba154800 2832       1       com.google.common.cache.LocalCache$StrongAccessEntry::getNextInAccessQueue (5 bytes)
Event: 10.007 Thread 0x00000184ba154800 nmethod 2832 0x00000184aece1790 code [0x00000184aece1940, 0x00000184aece19f8]
Event: 10.007 Thread 0x00000184ba154800 2830       1       org.gradle.cache.internal.filelock.FileLockOutcome$3::isLockWasAcquired (2 bytes)
Event: 10.007 Thread 0x00000184ba154800 nmethod 2830 0x00000184aece1a90 code [0x00000184aece1c40, 0x00000184aece1cf8]
Event: 10.012 Thread 0x00000184ba154800 2833       3       com.google.common.cache.LocalCache::refreshes (15 bytes)
Event: 10.013 Thread 0x00000184ba154800 nmethod 2833 0x00000184a7c0db90 code [0x00000184a7c0dd40, 0x00000184a7c0deb8]
Event: 10.013 Thread 0x00000184ba154800 2834       3       com.google.common.cache.LocalCache::discardingQueue (4 bytes)
Event: 10.013 Thread 0x00000184ba154800 nmethod 2834 0x00000184a7c0df90 code [0x00000184a7c0e140, 0x00000184a7c0e238]
Event: 10.018 Thread 0x00000184ba153000 2835   !   4       java.util.zip.ZipFile$ZipFileInflaterInputStream::close (67 bytes)
Event: 10.027 Thread 0x00000184ba154800 2839       3       org.objectweb.asm.MethodWriter::visitFieldInsn (258 bytes)
Event: 10.029 Thread 0x00000184ba154800 nmethod 2839 0x00000184a7c0e310 code [0x00000184a7c0e580, 0x00000184a7c0f188]
Event: 10.029 Thread 0x00000184ba154800 2840       3       org.objectweb.asm.SymbolTable::addConstantFieldref (10 bytes)
Event: 10.029 Thread 0x00000184ba154800 nmethod 2840 0x00000184a7c0f590 code [0x00000184a7c0f740, 0x00000184a7c0f888]
Event: 10.042 Thread 0x00000184ba154800 2841       3       java.util.regex.CharPredicates$$Lambda$38/0x000000010013f840::is (9 bytes)
Event: 10.043 Thread 0x00000184ba154800 nmethod 2841 0x00000184a7c0f990 code [0x00000184a7c0fb60, 0x00000184a7c0fef8]

GC Heap History (8 events):
Event: 1.602 GC heap before
{Heap before GC invocations=0 (full 0):
 garbage-first heap   total 262144K, used 29696K [0x00000000e0000000, 0x0000000100000000)
  region size 1024K, 24 young (24576K), 0 survivors (0K)
 Metaspace       used 10064K, capacity 10334K, committed 10624K, reserved 264192K
  class space    used 1023K, capacity 1104K, committed 1152K, reserved 253952K
}
Event: 1.619 GC heap after
{Heap after GC invocations=1 (full 0):
 garbage-first heap   total 262144K, used 9305K [0x00000000e0000000, 0x0000000100000000)
  region size 1024K, 3 young (3072K), 3 survivors (3072K)
 Metaspace       used 10064K, capacity 10334K, committed 10624K, reserved 264192K
  class space    used 1023K, capacity 1104K, committed 1152K, reserved 253952K
}
Event: 6.799 GC heap before
{Heap before GC invocations=1 (full 0):
 garbage-first heap   total 262144K, used 106585K [0x00000000e0000000, 0x0000000100000000)
  region size 1024K, 98 young (100352K), 3 survivors (3072K)
 Metaspace       used 20703K, capacity 21161K, committed 21296K, reserved 274432K
  class space    used 2506K, capacity 2663K, committed 2688K, reserved 253952K
}
Event: 6.813 GC heap after
{Heap after GC invocations=2 (full 0):
 garbage-first heap   total 262144K, used 17340K [0x00000000e0000000, 0x0000000100000000)
  region size 1024K, 11 young (11264K), 11 survivors (11264K)
 Metaspace       used 20703K, capacity 21161K, committed 21296K, reserved 274432K
  class space    used 2506K, capacity 2663K, committed 2688K, reserved 253952K
}
Event: 7.101 GC heap before
{Heap before GC invocations=3 (full 0):
 garbage-first heap   total 262144K, used 37820K [0x00000000e0000000, 0x0000000100000000)
  region size 1024K, 31 young (31744K), 11 survivors (11264K)
 Metaspace       used 22704K, capacity 23252K, committed 23420K, reserved 274432K
  class space    used 2847K, capacity 3047K, committed 3072K, reserved 253952K
}
Event: 7.109 GC heap after
{Heap after GC invocations=4 (full 0):
 garbage-first heap   total 262144K, used 17822K [0x00000000e0000000, 0x0000000100000000)
  region size 1024K, 1 young (1024K), 1 survivors (1024K)
 Metaspace       used 22704K, capacity 23252K, committed 23420K, reserved 274432K
  class space    used 2847K, capacity 3047K, committed 3072K, reserved 253952K
}
Event: 9.489 GC heap before
{Heap before GC invocations=4 (full 0):
 garbage-first heap   total 262144K, used 131486K [0x00000000e0000000, 0x0000000100000000)
  region size 1024K, 80 young (81920K), 1 survivors (1024K)
 Metaspace       used 30156K, capacity 31092K, committed 31232K, reserved 282624K
  class space    used 3975K, capacity 4276K, committed 4352K, reserved 253952K
}
Event: 9.493 GC heap after
{Heap after GC invocations=5 (full 0):
 garbage-first heap   total 262144K, used 56092K [0x00000000e0000000, 0x0000000100000000)
  region size 1024K, 7 young (7168K), 7 survivors (7168K)
 Metaspace       used 30156K, capacity 31092K, committed 31232K, reserved 282624K
  class space    used 3975K, capacity 4276K, committed 4352K, reserved 253952K
}

Deoptimization events (20 events):
Event: 8.981 Thread 0x00000184bbef0000 DEOPT PACKING pc=0x00000184a7b16304 sp=0x00000056faff4120
Event: 8.981 Thread 0x00000184bbef0000 DEOPT UNPACKING pc=0x00000184a70da95e sp=0x00000056faff36f8 mode 0
Event: 9.350 Thread 0x00000184bbef0000 DEOPT PACKING pc=0x00000184a7a06168 sp=0x00000056faff8a40
Event: 9.350 Thread 0x00000184bbef0000 DEOPT UNPACKING pc=0x00000184a70da95e sp=0x00000056faff7e88 mode 0
Event: 9.434 Thread 0x00000184bbef0000 Uncommon trap: trap_request=0xffffff4d fr.pc=0x00000184aec5714c relative=0x000000000000020c
Event: 9.434 Thread 0x00000184bbef0000 Uncommon trap: reason=unstable_if action=reinterpret pc=0x00000184aec5714c method=java.util.HashMap.hash(Ljava/lang/Object;)I @ 1 c2
Event: 9.434 Thread 0x00000184bbef0000 DEOPT PACKING pc=0x00000184aec5714c sp=0x00000056faff7870
Event: 9.434 Thread 0x00000184bbef0000 DEOPT UNPACKING pc=0x00000184a70da1af sp=0x00000056faff77a8 mode 2
Event: 9.434 Thread 0x00000184bbef0000 Uncommon trap: trap_request=0xffffff4d fr.pc=0x00000184aec46a2c relative=0x000000000000008c
Event: 9.434 Thread 0x00000184bbef0000 Uncommon trap: reason=unstable_if action=reinterpret pc=0x00000184aec46a2c method=java.util.HashMap.hash(Ljava/lang/Object;)I @ 1 c2
Event: 9.434 Thread 0x00000184bbef0000 DEOPT PACKING pc=0x00000184aec46a2c sp=0x00000056faff75e0
Event: 9.434 Thread 0x00000184bbef0000 DEOPT UNPACKING pc=0x00000184a70da1af sp=0x00000056faff7578 mode 2
Event: 9.489 Thread 0x00000184bbef0000 Uncommon trap: trap_request=0xffffff4d fr.pc=0x00000184aecd0e64 relative=0x00000000000001a4
Event: 9.489 Thread 0x00000184bbef0000 Uncommon trap: reason=unstable_if action=reinterpret pc=0x00000184aecd0e64 method=java.util.regex.Pattern$BmpCharProperty.match(Ljava/util/regex/Matcher;ILjava/lang/CharSequence;)Z @ 39 c2
Event: 9.489 Thread 0x00000184bbef0000 DEOPT PACKING pc=0x00000184aecd0e64 sp=0x00000056faff9220
Event: 9.489 Thread 0x00000184bbef0000 DEOPT UNPACKING pc=0x00000184a70da1af sp=0x00000056faff91d0 mode 2
Event: 9.596 Thread 0x00000184bbef0000 Uncommon trap: trap_request=0xffffff4d fr.pc=0x00000184aecc85f4 relative=0x0000000000000614
Event: 9.596 Thread 0x00000184bbef0000 Uncommon trap: reason=unstable_if action=reinterpret pc=0x00000184aecc85f4 method=jdk.internal.org.objectweb.asm.Item.isEqualTo(Ljdk/internal/org/objectweb/asm/Item;)Z @ 317 c2
Event: 9.596 Thread 0x00000184bbef0000 DEOPT PACKING pc=0x00000184aecc85f4 sp=0x00000056faff7500
Event: 9.596 Thread 0x00000184bbef0000 DEOPT UNPACKING pc=0x00000184a70da1af sp=0x00000056faff74a0 mode 2

Classes redefined (0 events):
No events

Internal exceptions (20 events):
Event: 9.068 Thread 0x00000184bbef0000 Exception <a 'java/lang/NoSuchMethodError'{0x00000000ecf086f8}: <clinit>> (0x00000000ecf086f8) thrown at [./src/hotspot/share/prims/jni.cpp, line 1367]
Event: 9.068 Thread 0x00000184bbef0000 Exception <a 'java/lang/NoSuchMethodError'{0x00000000ecf09d00}: <clinit>> (0x00000000ecf09d00) thrown at [./src/hotspot/share/prims/jni.cpp, line 1367]
Event: 9.068 Thread 0x00000184bbef0000 Exception <a 'java/lang/NoSuchMethodError'{0x00000000ecf0b298}: <clinit>> (0x00000000ecf0b298) thrown at [./src/hotspot/share/prims/jni.cpp, line 1367]
Event: 9.068 Thread 0x00000184bbef0000 Exception <a 'java/lang/NoSuchMethodError'{0x00000000ecf0c9f8}: <clinit>> (0x00000000ecf0c9f8) thrown at [./src/hotspot/share/prims/jni.cpp, line 1367]
Event: 9.069 Thread 0x00000184bbef0000 Exception <a 'java/lang/NoSuchMethodError'{0x00000000ecf0e090}: <clinit>> (0x00000000ecf0e090) thrown at [./src/hotspot/share/prims/jni.cpp, line 1367]
Event: 9.069 Thread 0x00000184bbef0000 Exception <a 'java/lang/NoSuchMethodError'{0x00000000ecf0f320}: <clinit>> (0x00000000ecf0f320) thrown at [./src/hotspot/share/prims/jni.cpp, line 1367]
Event: 9.104 Thread 0x00000184bbef0000 Exception <a 'java/lang/NoSuchMethodError'{0x00000000ecd72228}: 'java.lang.Object java.lang.invoke.Invokers$Holder.linkToTargetMethod(java.lang.Object, int, java.lang.Object)'> (0x00000000ecd72228) thrown at [./src/hotspot/share/interpreter/linkResolver.cpp, line 773]
Event: 9.329 Thread 0x00000184bbef0000 Exception <a 'java/lang/NoSuchMethodError'{0x00000000eba0a5c0}: 'java.lang.Object java.lang.invoke.DirectMethodHandle$Holder.invokeSpecialIFC(java.lang.Object, java.lang.Object, java.lang.Object, java.lang.Object)'> (0x00000000eba0a5c0) thrown at [./src/hotspot/share/interpreter/linkResolver.cpp, line 773]
Event: 9.434 Thread 0x00000184bbef0000 Implicit null exception at 0x00000184aec56f75 to 0x00000184aec5713c
Event: 9.434 Thread 0x00000184bbef0000 Implicit null exception at 0x00000184aec469af to 0x00000184aec46a1d
Event: 9.498 Thread 0x00000184bbef0000 Exception <a 'java/lang/NoSuchMethodError'{0x00000000eff54838}: 'java.lang.Object java.lang.invoke.DirectMethodHandle$Holder.invokeSpecial(java.lang.Object, java.lang.Object, java.lang.Object, java.lang.Object, java.lang.Object, java.lang.Object, java.lang.Object, java.lang.Object, java.lang.Object, java.lang.Object, java.lang.Object, java.lang.Object, java.lang.Object)'> (0x00000000eff54838) thrown at [./src/hotspot/share/interpreter/linkResolver.cpp, line 773]
Event: 9.499 Thread 0x00000184bbef0000 Exception <a 'java/lang/NoSuchMethodError'{0x00000000eff65940}: 'java.lang.Object java.lang.invoke.DirectMethodHandle$Holder.invokeSpecial(java.lang.Object, java.lang.Object, java.lang.Object, java.lang.Object, java.lang.Object, java.lang.Object, java.lang.Object, java.lang.Object, java.lang.Object, java.lang.Object, java.lang.Object, java.lang.Object)'> (0x00000000eff65940) thrown at [./src/hotspot/share/interpreter/linkResolver.cpp, line 773]
Event: 9.499 Thread 0x00000184bbef0000 Exception <a 'java/lang/NoSuchMethodError'{0x00000000eff6ad10}: 'java.lang.Object java.lang.invoke.Invokers$Holder.linkToTargetMethod(java.lang.Object, java.lang.Object, java.lang.Object, java.lang.Object, java.lang.Object, java.lang.Object, java.lang.Object, java.lang.Object, java.lang.Object, java.lang.Object, java.lang.Object)'> (0x00000000eff6ad10) thrown at [./src/hotspot/share/interpreter/linkResolver.cpp, line 773]
Event: 9.505 Thread 0x00000184bbef0000 Exception <a 'java/lang/NoSuchMethodError'{0x00000000efe27080}: 'java.lang.Object java.lang.invoke.DirectMethodHandle$Holder.invokeSpecial(java.lang.Object, java.lang.Object, java.lang.Object, java.lang.Object, java.lang.Object, java.lang.Object, java.lang.Object, java.lang.Object, java.lang.Object, java.lang.Object, java.lang.Object, java.lang.Object, java.lang.Object, java.lang.Object)'> (0x00000000efe27080) thrown at [./src/hotspot/share/interpreter/linkResolver.cpp, line 773]
Event: 9.506 Thread 0x00000184bbef0000 Exception <a 'java/lang/NoSuchMethodError'{0x00000000efe389a0}: 'java.lang.Object java.lang.invoke.Invokers$Holder.linkToTargetMethod(java.lang.Object, java.lang.Object, java.lang.Object, java.lang.Object, java.lang.Object, java.lang.Object, java.lang.Object, java.lang.Object, java.lang.Object, java.lang.Object, java.lang.Object, java.lang.Object)'> (0x00000000efe389a0) thrown at [./src/hotspot/share/interpreter/linkResolver.cpp, line 773]
Event: 9.526 Thread 0x00000184bbef0000 Exception <a 'java/lang/NoSuchMethodError'{0x00000000efd4e900}: 'java.lang.Object java.lang.invoke.DirectMethodHandle$Holder.invokeStaticInit(java.lang.Object, java.lang.Object, java.lang.Object, java.lang.Object)'> (0x00000000efd4e900) thrown at [./src/hotspot/share/interpreter/linkResolver.cpp, line 773]
Event: 9.634 Thread 0x00000184bbef0000 Exception <a 'java/lang/NoSuchMethodError'{0x00000000ef4a6330}: 'java.lang.Object java.lang.invoke.Invokers$Holder.linkToTargetMethod(java.lang.Object, java.lang.Object, java.lang.Object, java.lang.Object, java.lang.Object, java.lang.Object, java.lang.Object, java.lang.Object)'> (0x00000000ef4a6330) thrown at [./src/hotspot/share/interpreter/linkResolver.cpp, line 773]
Event: 9.640 Thread 0x00000184bbef0000 Exception <a 'java/lang/NoSuchMethodError'{0x00000000ef4ff148}: 'java.lang.Object java.lang.invoke.Invokers$Holder.linkToTargetMethod(java.lang.Object, java.lang.Object, java.lang.Object, java.lang.Object, java.lang.Object, java.lang.Object, java.lang.Object)'> (0x00000000ef4ff148) thrown at [./src/hotspot/share/interpreter/linkResolver.cpp, line 773]
Event: 9.647 Thread 0x00000184bbef0000 Exception <a 'java/lang/IncompatibleClassChangeError'{0x00000000ef3585c0}: Found class java.lang.Object, but interface was expected> (0x00000000ef3585c0) thrown at [./src/hotspot/share/interpreter/linkResolver.cpp, line 839]
Event: 9.979 Thread 0x00000184bbef0000 Exception <a 'java/lang/NoSuchMethodError'{0x00000000ee5b5bf0}: 'int java.lang.invoke.DirectMethodHandle$Holder.invokeStatic(java.lang.Object, java.lang.Object, java.lang.Object, java.lang.Object, java.lang.Object)'> (0x00000000ee5b5bf0) thrown at [./src/hotspot/share/interpreter/linkResolver.cpp, line 773]

Events (20 events):
Event: 10.024 loading class org/gradle/api/internal/plugins/DefaultPluginCollection
Event: 10.024 loading class org/gradle/api/internal/plugins/DefaultPluginCollection done
Event: 10.028 loading class org/gradle/api/internal/plugins/DefaultPluginManager$3
Event: 10.028 loading class org/gradle/api/internal/plugins/DefaultPluginManager$3 done
Event: 10.032 loading class org/gradle/api/internal/collections/IterationOrderRetainingSetElementSource
Event: 10.032 loading class org/gradle/api/internal/collections/IterationOrderRetainingSetElementSource done
Event: 10.034 loading class org/gradle/api/internal/collections/IterationOrderRetainingSetElementSource$1
Event: 10.034 loading class org/gradle/api/internal/collections/IterationOrderRetainingSetElementSource$1 done
Event: 10.036 loading class org/gradle/groovy/scripts/internal/BuildScriptTransformer
Event: 10.036 loading class org/gradle/groovy/scripts/internal/BuildScriptTransformer done
Event: 10.037 loading class org/gradle/groovy/scripts/internal/ImperativeStatementDetectingTransformer
Event: 10.037 loading class org/gradle/groovy/scripts/internal/ImperativeStatementDetectingTransformer done
Event: 10.038 loading class org/gradle/groovy/scripts/internal/BuildScriptTransformer$1
Event: 10.038 loading class org/gradle/groovy/scripts/internal/BuildScriptTransformer$1 done
Event: 10.039 loading class org/gradle/groovy/scripts/internal/FactoryBackedCompileOperation
Event: 10.039 loading class org/gradle/groovy/scripts/internal/FactoryBackedCompileOperation done
Event: 10.039 loading class org/gradle/model/dsl/internal/transform/ClosureCreationInterceptingVerifier
Event: 10.039 loading class org/gradle/model/dsl/internal/transform/ClosureCreationInterceptingVerifier done
Event: 10.040 loading class org/gradle/api/internal/initialization/ClassLoaderScopeIdentifier$Id
Event: 10.040 loading class org/gradle/api/internal/initialization/ClassLoaderScopeIdentifier$Id done


Dynamic libraries:
0x00007ff7cfe70000 - 0x00007ff7cfe7d000 	C:\Users\kwons\.jdks\corretto-11.0.15\bin\java.exe
0x00007ffec0180000 - 0x00007ffec0389000 	C:\WINDOWS\SYSTEM32\ntdll.dll
0x00007ffebe330000 - 0x00007ffebe3ed000 	C:\WINDOWS\System32\KERNEL32.DLL
0x00007ffebd960000 - 0x00007ffebdcd9000 	C:\WINDOWS\System32\KERNELBASE.dll
0x00007ffebd6d0000 - 0x00007ffebd7e1000 	C:\WINDOWS\System32\ucrtbase.dll
0x00007ffe8f7e0000 - 0x00007ffe8f7f7000 	C:\Users\kwons\.jdks\corretto-11.0.15\bin\jli.dll
0x00007ffebe870000 - 0x00007ffebea1c000 	C:\WINDOWS\System32\USER32.dll
0x00007ffebdce0000 - 0x00007ffebdd06000 	C:\WINDOWS\System32\win32u.dll
0x00007ffebf9e0000 - 0x00007ffebfa09000 	C:\WINDOWS\System32\GDI32.dll
0x00007ffebdd10000 - 0x00007ffebde22000 	C:\WINDOWS\System32\gdi32full.dll
0x00007ffebdef0000 - 0x00007ffebdf8d000 	C:\WINDOWS\System32\msvcp_win.dll
0x00007ffe8f960000 - 0x00007ffe8f979000 	C:\Users\kwons\.jdks\corretto-11.0.15\bin\VCRUNTIME140.dll
0x00007ffe9b6b0000 - 0x00007ffe9b955000 	C:\WINDOWS\WinSxS\amd64_microsoft.windows.common-controls_6595b64144ccf1df_6.0.22000.120_none_9d947278b86cc467\COMCTL32.dll
0x00007ffebe5c0000 - 0x00007ffebe663000 	C:\WINDOWS\System32\msvcrt.dll
0x00007ffebe100000 - 0x00007ffebe131000 	C:\WINDOWS\System32\IMM32.DLL
0x00007ffe8c800000 - 0x00007ffe8c89b000 	C:\Users\kwons\.jdks\corretto-11.0.15\bin\msvcp140.dll
0x00007ffe65a10000 - 0x00007ffe66593000 	C:\Users\kwons\.jdks\corretto-11.0.15\bin\server\jvm.dll
0x00007ffebe140000 - 0x00007ffebe1ee000 	C:\WINDOWS\System32\ADVAPI32.dll
0x00007ffebfa10000 - 0x00007ffebfaae000 	C:\WINDOWS\System32\sechost.dll
0x00007ffebe1f0000 - 0x00007ffebe310000 	C:\WINDOWS\System32\RPCRT4.dll
0x00007ffebfab0000 - 0x00007ffebfab8000 	C:\WINDOWS\System32\PSAPI.DLL
0x00007ffe9ea10000 - 0x00007ffe9ea19000 	C:\WINDOWS\SYSTEM32\WSOCK32.dll
0x00007ffebfef0000 - 0x00007ffebff5f000 	C:\WINDOWS\System32\WS2_32.dll
0x00007ffeb2f20000 - 0x00007ffeb2f2a000 	C:\WINDOWS\SYSTEM32\VERSION.dll
0x00007ffeb4c90000 - 0x00007ffeb4cc3000 	C:\WINDOWS\SYSTEM32\WINMM.dll
0x00007ffebc850000 - 0x00007ffebc868000 	C:\WINDOWS\SYSTEM32\kernel.appcore.dll
0x00007ffeb3200000 - 0x00007ffeb3210000 	C:\Users\kwons\.jdks\corretto-11.0.15\bin\verify.dll
0x00007ffebae40000 - 0x00007ffebb061000 	C:\WINDOWS\SYSTEM32\DBGHELP.DLL
0x00007ffeb2f80000 - 0x00007ffeb2fb1000 	C:\WINDOWS\SYSTEM32\dbgcore.DLL
0x00007ffebdf90000 - 0x00007ffebe00f000 	C:\WINDOWS\System32\bcryptPrimitives.dll
0x00007ffe8ed20000 - 0x00007ffe8ed48000 	C:\Users\kwons\.jdks\corretto-11.0.15\bin\java.dll
0x00007ffeb23f0000 - 0x00007ffeb23fa000 	C:\Users\kwons\.jdks\corretto-11.0.15\bin\jimage.dll
0x00007ffe8ed00000 - 0x00007ffe8ed18000 	C:\Users\kwons\.jdks\corretto-11.0.15\bin\zip.dll
0x00007ffebef90000 - 0x00007ffebf748000 	C:\WINDOWS\System32\SHELL32.dll
0x00007ffebb7e0000 - 0x00007ffebc048000 	C:\WINDOWS\SYSTEM32\windows.storage.dll
0x00007ffebfb70000 - 0x00007ffebfee9000 	C:\WINDOWS\System32\combase.dll
0x00007ffebb670000 - 0x00007ffebb7d6000 	C:\WINDOWS\SYSTEM32\wintypes.dll
0x00007ffebe010000 - 0x00007ffebe0fa000 	C:\WINDOWS\System32\SHCORE.dll
0x00007ffebffd0000 - 0x00007ffec002d000 	C:\WINDOWS\System32\shlwapi.dll
0x00007ffebd590000 - 0x00007ffebd5b1000 	C:\WINDOWS\SYSTEM32\profapi.dll
0x00007ffe8e320000 - 0x00007ffe8e339000 	C:\Users\kwons\.jdks\corretto-11.0.15\bin\net.dll
0x00007ffeb47e0000 - 0x00007ffeb48ec000 	C:\WINDOWS\SYSTEM32\WINHTTP.dll
0x00007ffebcc80000 - 0x00007ffebcce7000 	C:\WINDOWS\system32\mswsock.dll
0x00007ffe8e140000 - 0x00007ffe8e153000 	C:\Users\kwons\.jdks\corretto-11.0.15\bin\nio.dll
0x00007ffeaf790000 - 0x00007ffeaf7b7000 	C:\Users\kwons\.gradle\native\e1d6ef7f7dcc3fd88c89a11ec53ec762bb8ba0a96d01ffa2cd45eb1d1d8dd5c5\windows-amd64\native-platform.dll
0x00007ffe7f320000 - 0x00007ffe7f464000 	C:\Users\kwons\.gradle\native\0d407fdbe67a94daf76414ababcb853783967236a71b16ec16e742cd7a986fd3\windows-amd64\native-platform-file-events.dll
0x00007ffeb5160000 - 0x00007ffeb5169000 	C:\Users\kwons\.jdks\corretto-11.0.15\bin\management.dll
0x00007ffeb5140000 - 0x00007ffeb514b000 	C:\Users\kwons\.jdks\corretto-11.0.15\bin\management_ext.dll
0x00007ffebcec0000 - 0x00007ffebced8000 	C:\WINDOWS\SYSTEM32\CRYPTSP.dll
0x00007ffebc7b0000 - 0x00007ffebc7e5000 	C:\WINDOWS\system32\rsaenh.dll
0x00007ffebcd70000 - 0x00007ffebcd99000 	C:\WINDOWS\SYSTEM32\USERENV.dll
0x00007ffebd040000 - 0x00007ffebd067000 	C:\WINDOWS\SYSTEM32\bcrypt.dll
0x00007ffebcee0000 - 0x00007ffebceec000 	C:\WINDOWS\SYSTEM32\CRYPTBASE.dll
0x00007ffebc380000 - 0x00007ffebc3ad000 	C:\WINDOWS\SYSTEM32\IPHLPAPI.DLL
0x00007ffebe5b0000 - 0x00007ffebe5b9000 	C:\WINDOWS\System32\NSI.dll
0x00007ffeb41c0000 - 0x00007ffeb41d9000 	C:\WINDOWS\SYSTEM32\dhcpcsvc6.DLL
0x00007ffeb4430000 - 0x00007ffeb444e000 	C:\WINDOWS\SYSTEM32\dhcpcsvc.DLL
0x00007ffebc3f0000 - 0x00007ffebc4d8000 	C:\WINDOWS\SYSTEM32\DNSAPI.dll

dbghelp: loaded successfully - version: 4.0.5 - missing functions: none
symbol engine: initialized successfully - sym options: 0x614 - pdb path: .;C:\Users\kwons\.jdks\corretto-11.0.15\bin;C:\WINDOWS\SYSTEM32;C:\WINDOWS\WinSxS\amd64_microsoft.windows.common-controls_6595b64144ccf1df_6.0.22000.120_none_9d947278b86cc467;C:\Users\kwons\.jdks\corretto-11.0.15\bin\server;C:\Users\kwons\.gradle\native\e1d6ef7f7dcc3fd88c89a11ec53ec762bb8ba0a96d01ffa2cd45eb1d1d8dd5c5\windows-amd64;C:\Users\kwons\.gradle\native\0d407fdbe67a94daf76414ababcb853783967236a71b16ec16e742cd7a986fd3\windows-amd64

VM Arguments:
jvm_args: --add-opens=java.base/java.util=ALL-UNNAMED --add-opens=java.base/java.lang=ALL-UNNAMED --add-opens=java.base/java.lang.invoke=ALL-UNNAMED --add-opens=java.base/java.util=ALL-UNNAMED --add-opens=java.prefs/java.util.prefs=ALL-UNNAMED --add-opens=java.prefs/java.util.prefs=ALL-UNNAMED --add-opens=java.base/java.nio.charset=ALL-UNNAMED --add-opens=java.base/java.net=ALL-UNNAMED --add-opens=java.base/java.util.concurrent.atomic=ALL-UNNAMED -XX:MaxMetaspaceSize=256m -XX:+HeapDumpOnOutOfMemoryError -Xms256m -Xmx512m -Dfile.encoding=x-windows-949 -Duser.country=KR -Duser.language=ko -Duser.variant 
java_command: org.gradle.launcher.daemon.bootstrap.GradleDaemon 7.4.1
java_class_path (initial): C:\Users\kwons\.gradle\wrapper\dists\gradle-7.4.1-bin\58kw26xllvsiedyf3nujyarhn\gradle-7.4.1\lib\gradle-launcher-7.4.1.jar
Launcher Type: SUN_STANDARD

[Global flags]
     intx CICompilerCount                          = 4                                         {product} {ergonomic}
   size_t CompressedClassSpaceSize                 = 260046848                                 {product} {ergonomic}
     uint ConcGCThreads                            = 2                                         {product} {ergonomic}
     uint G1ConcRefinementThreads                  = 8                                         {product} {ergonomic}
   size_t G1HeapRegionSize                         = 1048576                                   {product} {ergonomic}
    uintx GCDrainStackTargetSize                   = 64                                        {product} {ergonomic}
     bool HeapDumpOnOutOfMemoryError               = true                                   {manageable} {command line}
   size_t InitialHeapSize                          = 268435456                                 {product} {command line}
   size_t MarkStackSize                            = 4194304                                   {product} {ergonomic}
   size_t MaxHeapSize                              = 536870912                                 {product} {command line}
   size_t MaxMetaspaceSize                         = 268435456                                 {product} {command line}
   size_t MaxNewSize                               = 321912832                                 {product} {ergonomic}
   size_t MinHeapDeltaBytes                        = 1048576                                   {product} {ergonomic}
    uintx NonNMethodCodeHeapSize                   = 5836300                                {pd product} {ergonomic}
    uintx NonProfiledCodeHeapSize                  = 122910970                              {pd product} {ergonomic}
    uintx ProfiledCodeHeapSize                     = 122910970                              {pd product} {ergonomic}
    uintx ReservedCodeCacheSize                    = 251658240                              {pd product} {ergonomic}
     bool SegmentedCodeCache                       = true                                      {product} {ergonomic}
     bool UseCompressedClassPointers               = true                                 {lp64_product} {ergonomic}
     bool UseCompressedOops                        = true                                 {lp64_product} {ergonomic}
     bool UseG1GC                                  = true                                      {product} {ergonomic}
     bool UseLargePagesIndividualAllocation        = false                                  {pd product} {ergonomic}

Logging:
Log output configuration:
 #0: stdout all=warning uptime,level,tags
 #1: stderr all=off uptime,level,tags

Environment Variables:
PATH=C:\Program Files (x86)\Intel\Intel(R) Management Engine Components\iCLS\;C:\Program Files\Intel\Intel(R) Management Engine Components\iCLS\;C:\WINDOWS\system32;C:\WINDOWS;C:\WINDOWS\System32\Wbem;C:\WINDOWS\System32\WindowsPowerShell\v1.0\;C:\WINDOWS\System32\OpenSSH\;C:\Program Files (x86)\Intel\Intel(R) Management Engine Components\DAL;C:\Program Files\Intel\Intel(R) Management Engine Components\DAL;C:\Program Files\Git\cmd;C:\Program Files\MySQL\MySQL Shell 8.0\bin\;C:\Users\kwons\AppData\Local\Microsoft\WindowsApps;C:\Program Files\Bandizip\;C:\Users\kwons\AppData\Local\Programs\Microsoft VS Code\bin;C:\Program Files\MySQL\MySQL Server 8.0\bin;C:\Program Files\OpenJDK\jdk-18.0.1.1\bin;;C:\Program Files (x86)\ESTsoft\ALSee\x64
USERNAME=BAenergy
OS=Windows_NT
PROCESSOR_IDENTIFIER=Intel64 Family 6 Model 142 Stepping 10, GenuineIntel



---------------  S Y S T E M  ---------------

OS: Windows 11 , 64 bit Build 22000 (10.0.22000.708)
OS uptime: 5 days 14:10 hours

CPU:total 8 (initial active 8) (4 cores per cpu, 2 threads per core) family 6 model 142 stepping 10 microcode 0xe0, cmov, cx8, fxsr, mmx, sse, sse2, sse3, ssse3, sse4.1, sse4.2, popcnt, avx, avx2, aes, clmul, erms, 3dnowpref, lzcnt, ht, tsc, tscinvbit, bmi1, bmi2, adx, fma

Memory: 4k page, system-wide physical 8106M (390M free)
TotalPageFile size 32682M (AvailPageFile size 5M)
current process WorkingSet (physical memory assigned to process): 284M, peak: 284M
current process commit charge ("private bytes"): 430M, peak: 430M

vm_info: OpenJDK 64-Bit Server VM (11.0.15+9-LTS) for windows-amd64 JRE (11.0.15+9-LTS), built on Apr 15 2022 22:20:31 by "Administrator" with unknown MS VC++:1916

END.
